Compiled jquery.js  (1ms)  (pid 14814)
Compiled jquery_ujs.js  (0ms)  (pid 14814)
Compiled images.js  (0ms)  (pid 14814)
Compiled jcarousel.connected-carousels.js  (0ms)  (pid 14814)
Compiled jquery.jcarousel.js  (0ms)  (pid 14814)
Compiled mobiscroll-2.0.3.custom.min.js  (0ms)  (pid 14814)
Compiled application.js  (43ms)  (pid 14814)
Compiled images.css  (23ms)  (pid 14814)
Compiled jcarousel.connected-carousels.css  (0ms)  (pid 14814)
Compiled mobiscroll-2.0.3.custom.min.css  (0ms)  (pid 14814)
Compiled application.css  (51ms)  (pid 14814)
Compiled jquery.js  (1ms)  (pid 14814)
Compiled jquery_ujs.js  (0ms)  (pid 14814)
Compiled images.js  (0ms)  (pid 14814)
Compiled jcarousel.connected-carousels.js  (0ms)  (pid 14814)
Compiled jquery.jcarousel.js  (0ms)  (pid 14814)
Compiled mobiscroll-2.0.3.custom.min.js  (0ms)  (pid 14814)
Compiled application.js  (42ms)  (pid 14814)
Compiled images.css  (22ms)  (pid 14814)
Compiled jcarousel.connected-carousels.css  (0ms)  (pid 14814)
Compiled mobiscroll-2.0.3.custom.min.css  (0ms)  (pid 14814)
Compiled application.css  (50ms)  (pid 14814)
